#-----------------------------------------------------------
# Vivado v2024.1 (64-bit)
# SW Build 5076996 on Wed May 22 18:37:14 MDT 2024
# IP Build 5075265 on Wed May 22 21:45:21 MDT 2024
# SharedData Build 5076995 on Wed May 22 18:29:18 MDT 2024
# Start of session at: Sat Apr 18 01:33:48 2026
# Process ID: 22732
# Current directory: C:/Users/018222256/Desktop/Hackathon
# Command line: vivado.exe -mode batch -source run_vivado.tcl
# Log file: C:/Users/018222256/Desktop/Hackathon/vivado.log
# Journal file: C:/Users/018222256/Desktop/Hackathon\vivado.jou
# Running On        :MLK-SCS-5797RV2
# Platform          :Windows Server 2016 or Windows 10
# Operating System  :19045
# Processor Detail  :Intel(R) Core(TM) i5-8350U CPU @ 1.70GHz
# CPU Frequency     :1896 MHz
# CPU Physical cores:4
# CPU Logical cores :8
# Host memory       :8462 MB
# Swap memory       :12296 MB
# Total Virtual     :20758 MB
# Available Virtual :3006 MB
#-----------------------------------------------------------
source run_vivado.tcl
couldn't read file "run_vivado.tcl": no such file or directory
INFO: [Common 17-206] Exiting Vivado at Sat Apr 18 01:33:53 2026...
