#-----------------------------------------------------------
# Vivado v2024.1 (64-bit)
# SW Build 5076996 on Wed May 22 18:37:14 MDT 2024
# IP Build 5075265 on Wed May 22 21:45:21 MDT 2024
# SharedData Build 5076995 on Wed May 22 18:29:18 MDT 2024
# Start of session at: Sat Apr 18 01:36:33 2026
# Process ID: 23948
# Current directory: C:/Users/018222256/Desktop/Hackathon
# Command line: vivado.exe -mode batch -source run_vivado.tcl
# Log file: C:/Users/018222256/Desktop/Hackathon/vivado.log
# Journal file: C:/Users/018222256/Desktop/Hackathon\vivado.jou
# Running On        :MLK-SCS-5797RV2
# Platform          :Windows Server 2016 or Windows 10
# Operating System  :19045
# Processor Detail  :Intel(R) Core(TM) i5-8350U CPU @ 1.70GHz
# CPU Frequency     :1896 MHz
# CPU Physical cores:4
# CPU Logical cores :8
# Host memory       :8462 MB
# Swap memory       :12296 MB
# Total Virtual     :20758 MB
# Available Virtual :2896 MB
#-----------------------------------------------------------
source run_vivado.tcl
# set proj_name "attention_top_vivado"
# set proj_dir "./vivado_proj"
# set top_module "attention_top"
# set part_name "xc7z010clg400-1"
# create_project $proj_name $proj_dir -part $part_name -force
create_project: Time (s): cpu = 00:00:09 ; elapsed = 00:00:13 . Memory (MB): peak = 519.234 ; gain = 196.152
# set_property target_language Verilog [current_project]
# set_property simulator_language Mixed [current_project]
# add_files -norecurse ./attention_pkg.sv
# add_files -norecurse ./addr_gen.sv
# add_files -norecurse ./attention_controller.sv
# add_files -norecurse ./exp_lut.sv
# add_files -norecurse ./kv_buffer.sv
# add_files -norecurse ./mask_unit.sv
# add_files -norecurse ./normalizer.sv
# add_files -norecurse ./output_buffer.sv
# add_files -norecurse ./perf_counters.sv
# add_files -norecurse ./q_buffer.sv
# add_files -norecurse ./reciprocal_lut.sv
# add_files -norecurse ./row_max_unit.sv
# add_files -norecurse ./row_score_store.sv
# add_files -norecurse ./row_sum_unit.sv
# add_files -norecurse ./score_engine.sv
# add_files -norecurse ./weighted_sum_engine.sv
# add_files -norecurse ./attention_top.sv
# add_files -fileset sim_1 -norecurse ./tb_attention_top.sv
# set_property top $top_module [current_fileset]
# set_property top tb_attention_top [get_filesets sim_1]
# update_compile_order -fileset sources_1
# update_compile_order -fileset sim_1
# launch_runs synth_1 -jobs 4
WARNING: [Vivado 12-7122] Auto Incremental Compile:: No reference checkpoint was found in run synth_1. Auto-incremental flow will not be run, the standard flow will be run instead.
[Sat Apr 18 01:36:56 2026] Launched synth_1...
Run output will be captured here: C:/Users/018222256/Desktop/Hackathon/vivado_proj/attention_top_vivado.runs/synth_1/runme.log
# wait_on_run synth_1
[Sat Apr 18 01:36:56 2026] Waiting for synth_1 to finish...

*** Running vivado
    with args -log attention_top.vds -m64 -product Vivado -mode batch -messageDb vivado.pb -notrace -source attention_top.tcl



****** Vivado v2024.1 (64-bit)
  **** SW Build 5076996 on Wed May 22 18:37:14 MDT 2024
  **** IP Build 5075265 on Wed May 22 21:45:21 MDT 2024
  **** SharedData Build 5076995 on Wed May 22 18:29:18 MDT 2024
  **** Start of session at: Sat Apr 18 01:37:02 2026
    ** Copyright 1986-2022 Xilinx, Inc. All Rights Reserved.
    ** Copyright 2022-2024 Advanced Micro Devices, Inc. All Rights Reserved.

source attention_top.tcl -notrace
create_project: Time (s): cpu = 00:00:08 ; elapsed = 00:00:11 . Memory (MB): peak = 519.809 ; gain = 201.938
Command: synth_design -top attention_top -part xc7z010clg400-1
Starting synth_design
Attempting to get a license for feature 'Synthesis' and/or device 'xc7z010'
INFO: [Common 17-349] Got license for feature 'Synthesis' and/or device 'xc7z010'
INFO: [Synth 8-7079] Multithreading enabled for synth_design using a maximum of 2 processes.
INFO: [Synth 8-7078] Launching helper process for spawning children vivado processes
INFO: [Synth 8-7075] Helper process launched with PID 18936
---------------------------------------------------------------------------------
Starting Synthesize : Time (s): cpu = 00:00:07 ; elapsed = 00:00:11 . Memory (MB): peak = 975.344 ; gain = 452.543
---------------------------------------------------------------------------------
INFO: [Synth 8-6157] synthesizing module 'attention_top' [C:/Users/018222256/Desktop/Hackathon/attention_top.sv:42]
INFO: [Synth 8-6157] synthesizing module 'attention_controller' [C:/Users/018222256/Desktop/Hackathon/attention_controller.sv:40]
INFO: [Synth 8-6155] done synthesizing module 'attention_controller' (0#1) [C:/Users/018222256/Desktop/Hackathon/attention_controller.sv:40]
INFO: [Synth 8-6157] synthesizing module 'addr_gen' [C:/Users/018222256/Desktop/Hackathon/addr_gen.sv:28]
INFO: [Synth 8-6155] done synthesizing module 'addr_gen' (0#1) [C:/Users/018222256/Desktop/Hackathon/addr_gen.sv:28]
INFO: [Synth 8-6157] synthesizing module 'q_buffer' [C:/Users/018222256/Desktop/Hackathon/q_buffer.sv:29]
INFO: [Synth 8-6155] done synthesizing module 'q_buffer' (0#1) [C:/Users/018222256/Desktop/Hackathon/q_buffer.sv:29]
INFO: [Synth 8-6157] synthesizing module 'kv_buffer' [C:/Users/018222256/Desktop/Hackathon/kv_buffer.sv:45]
INFO: [Synth 8-6155] done synthesizing module 'kv_buffer' (0#1) [C:/Users/018222256/Desktop/Hackathon/kv_buffer.sv:45]
INFO: [Synth 8-6157] synthesizing module 'score_engine' [C:/Users/018222256/Desktop/Hackathon/score_engine.sv:16]
	Parameter BR bound to: 32'sb00000000000000000000000000000100 
	Parameter BC bound to: 32'sb00000000000000000000000000000100 
	Parameter D bound to: 32'sb00000000000000000000000000010000 
	Parameter DATA_W bound to: 32'sb00000000000000000000000000001000 
	Parameter SCORE_W bound to: 32'sb00000000000000000000000000100000 
INFO: [Synth 8-226] default block is never used [C:/Users/018222256/Desktop/Hackathon/score_engine.sv:105]
INFO: [Synth 8-6155] done synthesizing module 'score_engine' (0#1) [C:/Users/018222256/Desktop/Hackathon/score_engine.sv:16]
INFO: [Synth 8-6157] synthesizing module 'mask_unit' [C:/Users/018222256/Desktop/Hackathon/mask_unit.sv:24]
	Parameter BR bound to: 32'sb00000000000000000000000000000100 
	Parameter BC bound to: 32'sb00000000000000000000000000000100 
	Parameter SCORE_W bound to: 32'sb00000000000000000000000000100000 
	Parameter IDX_W bound to: 32'sb00000000000000000000000000000101 
INFO: [Synth 8-6155] done synthesizing module 'mask_unit' (0#1) [C:/Users/018222256/Desktop/Hackathon/mask_unit.sv:24]
INFO: [Synth 8-6157] synthesizing module 'row_score_store' [C:/Users/018222256/Desktop/Hackathon/row_score_store.sv:11]
	Parameter N bound to: 32'sb00000000000000000000000000100000 
	Parameter BR bound to: 32'sb00000000000000000000000000000100 
	Parameter BC bound to: 32'sb00000000000000000000000000000100 
	Parameter SCORE_W bound to: 32'sb00000000000000000000000000100000 
	Parameter IDX_W bound to: 32'sb00000000000000000000000000000101 
INFO: [Synth 8-6155] done synthesizing module 'row_score_store' (0#1) [C:/Users/018222256/Desktop/Hackathon/row_score_store.sv:11]
INFO: [Synth 8-6157] synthesizing module 'row_max_unit' [C:/Users/018222256/Desktop/Hackathon/row_max_unit.sv:24]
INFO: [Synth 8-6155] done synthesizing module 'row_max_unit' (0#1) [C:/Users/018222256/Desktop/Hackathon/row_max_unit.sv:24]
INFO: [Synth 8-6157] synthesizing module 'row_sum_unit' [C:/Users/018222256/Desktop/Hackathon/row_sum_unit.sv:48]
INFO: [Synth 8-6157] synthesizing module 'exp_lut' [C:/Users/018222256/Desktop/Hackathon/exp_lut.sv:47]
INFO: [Synth 8-6155] done synthesizing module 'exp_lut' (0#1) [C:/Users/018222256/Desktop/Hackathon/exp_lut.sv:47]
INFO: [Synth 8-6155] done synthesizing module 'row_sum_unit' (0#1) [C:/Users/018222256/Desktop/Hackathon/row_sum_unit.sv:48]
INFO: [Synth 8-6157] synthesizing module 'reciprocal_lut' [C:/Users/018222256/Desktop/Hackathon/reciprocal_lut.sv:23]
INFO: [Synth 8-6155] done synthesizing module 'reciprocal_lut' (0#1) [C:/Users/018222256/Desktop/Hackathon/reciprocal_lut.sv:23]
INFO: [Synth 8-6157] synthesizing module 'normalizer' [C:/Users/018222256/Desktop/Hackathon/normalizer.sv:48]
INFO: [Synth 8-6155] done synthesizing module 'normalizer' (0#1) [C:/Users/018222256/Desktop/Hackathon/normalizer.sv:48]
INFO: [Synth 8-6157] synthesizing module 'weighted_sum_engine' [C:/Users/018222256/Desktop/Hackathon/weighted_sum_engine.sv:56]
INFO: [Synth 8-6155] done synthesizing module 'weighted_sum_engine' (0#1) [C:/Users/018222256/Desktop/Hackathon/weighted_sum_engine.sv:56]
INFO: [Synth 8-6157] synthesizing module 'output_buffer' [C:/Users/018222256/Desktop/Hackathon/output_buffer.sv:33]
INFO: [Synth 8-6155] done synthesizing module 'output_buffer' (0#1) [C:/Users/018222256/Desktop/Hackathon/output_buffer.sv:33]
INFO: [Synth 8-6157] synthesizing module 'perf_counters' [C:/Users/018222256/Desktop/Hackathon/perf_counters.sv:56]
INFO: [Synth 8-6155] done synthesizing module 'perf_counters' (0#1) [C:/Users/018222256/Desktop/Hackathon/perf_counters.sv:56]
INFO: [Synth 8-6155] done synthesizing module 'attention_top' (0#1) [C:/Users/018222256/Desktop/Hackathon/attention_top.sv:42]
WARNING: [Synth 8-7137] Register q_tile_reg[0][0] in module q_buffer has both Set and reset with same priority. This may cause simulation mismatches. Consider rewriting code  [C:/Users/018222256/Desktop/Hackathon/q_buffer.sv:100]
WARNING: [Synth 8-7137] Register q_tile_reg[0][1] in module q_buffer has both Set and reset with same priority. This may cause simulation mismatches. Consider rewriting code  [C:/Users/018222256/Desktop/Hackathon/q_buffer.sv:100]
WARNING: [Synth 8-7137] Register q_tile_reg[0][2] in module q_buffer has both Set and reset with same priority. This may cause simulation mismatches. Consider rewriting code  [C:/Users/018222256/Desktop/Hackathon/q_buffer.sv:100]
WARNING: [Synth 8-7137] Register q_tile_reg[0][3] in module q_buffer has both Set and reset with same priority. This may cause simulation mismatches. Consider rewriting code  [C:/Users/018222256/Desktop/Hackathon/q_buffer.sv:100]
WARNING: [Synth 8-7137] Register q_tile_reg[0][4] in module q_buffer has both Set and reset with same priority. This may cause simulation mismatches. Consider rewriting code  [C:/Users/018222256/Desktop/Hackathon/q_buffer.sv:100]
WARNING: [Synth 8-7137] Register q_tile_reg[0][5] in module q_buffer has both Set and reset with same priority. This may cause simulation mismatches. Consider rewriting code  [C:/Users/018222256/Desktop/Hackathon/q_buffer.sv:100]
WARNING: [Synth 8-7137] Register q_tile_reg[0][6] in module q_buffer has both Set and reset with same priority. This may cause simulation mismatches. Consider rewriting code  [C:/Users/018222256/Desktop/Hackathon/q_buffer.sv:100]
WARNING: [Synth 8-7137] Register q_tile_reg[0][7] in module q_buffer has both Set and reset with same priority. This may cause simulation mismatches. Consider rewriting code  [C:/Users/018222256/Desktop/Hackathon/q_buffer.sv:100]
WARNING: [Synth 8-7137] Register q_tile_reg[0][8] in module q_buffer has both Set and reset with same priority. This may cause simulation mismatches. Consider rewriting code  [C:/Users/018222256/Desktop/Hackathon/q_buffer.sv:100]
WARNING: [Synth 8-7137] Register q_tile_reg[0][9] in module q_buffer has both Set and reset with same priority. This may cause simulation mismatches. Consider rewriting code  [C:/Users/018222256/Desktop/Hackathon/q_buffer.sv:100]
WARNING: [Synth 8-7137] Register q_tile_reg[0][10] in module q_buffer has both Set and reset with same priority. This may cause simulation mismatches. Consider rewriting code  [C:/Users/018222256/Desktop/Hackathon/q_buffer.sv:100]
WARNING: [Synth 8-7137] Register q_tile_reg[0][11] in module q_buffer has both Set and reset with same priority. This may cause simulation mismatches. Consider rewriting code  [C:/Users/018222256/Desktop/Hackathon/q_buffer.sv:100]
WARNING: [Synth 8-7137] Register q_tile_reg[0][12] in module q_buffer has both Set and reset with same priority. This may cause simulation mismatches. Consider rewriting code  [C:/Users/018222256/Desktop/Hackathon/q_buffer.sv:100]
WARNING: [Synth 8-7137] Register q_tile_reg[0][13] in module q_buffer has both Set and reset with same priority. This may cause simulation mismatches. Consider rewriting code  [C:/Users/018222256/Desktop/Hackathon/q_buffer.sv:100]
WARNING: [Synth 8-7137] Register q_tile_reg[0][14] in module q_buffer has both Set and reset with same priority. This may cause simulation mismatches. Consider rewriting code  [C:/Users/018222256/Desktop/Hackathon/q_buffer.sv:100]
WARNING: [Synth 8-7137] Register q_tile_reg[0][15] in module q_buffer has both Set and reset with same priority. This may cause simulation mismatches. Consider rewriting code  [C:/Users/018222256/Desktop/Hackathon/q_buffer.sv:100]
WARNING: [Synth 8-7137] Register q_tile_reg[1][0] in module q_buffer has both Set and reset with same priority. This may cause simulation mismatches. Consider rewriting code  [C:/Users/018222256/Desktop/Hackathon/q_buffer.sv:100]
WARNING: [Synth 8-7137] Register q_tile_reg[1][1] in module q_buffer has both Set and reset with same priority. This may cause simulation mismatches. Consider rewriting code  [C:/Users/018222256/Desktop/Hackathon/q_buffer.sv:100]
WARNING: [Synth 8-7137] Register q_tile_reg[1][2] in module q_buffer has both Set and reset with same priority. This may cause simulation mismatches. Consider rewriting code  [C:/Users/018222256/Desktop/Hackathon/q_buffer.sv:100]
WARNING: [Synth 8-7137] Register q_tile_reg[1][3] in module q_buffer has both Set and reset with same priority. This may cause simulation mismatches. Consider rewriting code  [C:/Users/018222256/Desktop/Hackathon/q_buffer.sv:100]
WARNING: [Synth 8-7137] Register q_tile_reg[1][4] in module q_buffer has both Set and reset with same priority. This may cause simulation mismatches. Consider rewriting code  [C:/Users/018222256/Desktop/Hackathon/q_buffer.sv:100]
WARNING: [Synth 8-7137] Register q_tile_reg[1][5] in module q_buffer has both Set and reset with same priority. This may cause simulation mismatches. Consider rewriting code  [C:/Users/018222256/Desktop/Hackathon/q_buffer.sv:100]
WARNING: [Synth 8-7137] Register q_tile_reg[1][6] in module q_buffer has both Set and reset with same priority. This may cause simulation mismatches. Consider rewriting code  [C:/Users/018222256/Desktop/Hackathon/q_buffer.sv:100]
WARNING: [Synth 8-7137] Register q_tile_reg[1][7] in module q_buffer has both Set and reset with same priority. This may cause simulation mismatches. Consider rewriting code  [C:/Users/018222256/Desktop/Hackathon/q_buffer.sv:100]
WARNING: [Synth 8-7137] Register q_tile_reg[1][8] in module q_buffer has both Set and reset with same priority. This may cause simulation mismatches. Consider rewriting code  [C:/Users/018222256/Desktop/Hackathon/q_buffer.sv:100]
WARNING: [Synth 8-7137] Register q_tile_reg[1][9] in module q_buffer has both Set and reset with same priority. This may cause simulation mismatches. Consider rewriting code  [C:/Users/018222256/Desktop/Hackathon/q_buffer.sv:100]
WARNING: [Synth 8-7137] Register q_tile_reg[1][10] in module q_buffer has both Set and reset with same priority. This may cause simulation mismatches. Consider rewriting code  [C:/Users/018222256/Desktop/Hackathon/q_buffer.sv:100]
WARNING: [Synth 8-7137] Register q_tile_reg[1][11] in module q_buffer has both Set and reset with same priority. This may cause simulation mismatches. Consider rewriting code  [C:/Users/018222256/Desktop/Hackathon/q_buffer.sv:100]
WARNING: [Synth 8-7137] Register q_tile_reg[1][12] in module q_buffer has both Set and reset with same priority. This may cause simulation mismatches. Consider rewriting code  [C:/Users/018222256/Desktop/Hackathon/q_buffer.sv:100]
WARNING: [Synth 8-7137] Register q_tile_reg[1][13] in module q_buffer has both Set and reset with same priority. This may cause simulation mismatches. Consider rewriting code  [C:/Users/018222256/Desktop/Hackathon/q_buffer.sv:100]
WARNING: [Synth 8-7137] Register q_tile_reg[1][14] in module q_buffer has both Set and reset with same priority. This may cause simulation mismatches. Consider rewriting code  [C:/Users/018222256/Desktop/Hackathon/q_buffer.sv:100]
WARNING: [Synth 8-7137] Register q_tile_reg[1][15] in module q_buffer has both Set and reset with same priority. This may cause simulation mismatches. Consider rewriting code  [C:/Users/018222256/Desktop/Hackathon/q_buffer.sv:100]
WARNING: [Synth 8-7137] Register q_tile_reg[2][0] in module q_buffer has both Set and reset with same priority. This may cause simulation mismatches. Consider rewriting code  [C:/Users/018222256/Desktop/Hackathon/q_buffer.sv:100]
WARNING: [Synth 8-7137] Register q_tile_reg[2][1] in module q_buffer has both Set and reset with same priority. This may cause simulation mismatches. Consider rewriting code  [C:/Users/018222256/Desktop/Hackathon/q_buffer.sv:100]
WARNING: [Synth 8-7137] Register q_tile_reg[2][2] in module q_buffer has both Set and reset with same priority. This may cause simulation mismatches. Consider rewriting code  [C:/Users/018222256/Desktop/Hackathon/q_buffer.sv:100]
WARNING: [Synth 8-7137] Register q_tile_reg[2][3] in module q_buffer has both Set and reset with same priority. This may cause simulation mismatches. Consider rewriting code  [C:/Users/018222256/Desktop/Hackathon/q_buffer.sv:100]
WARNING: [Synth 8-7137] Register q_tile_reg[2][4] in module q_buffer has both Set and reset with same priority. This may cause simulation mismatches. Consider rewriting code  [C:/Users/018222256/Desktop/Hackathon/q_buffer.sv:100]
WARNING: [Synth 8-7137] Register q_tile_reg[2][5] in module q_buffer has both Set and reset with same priority. This may cause simulation mismatches. Consider rewriting code  [C:/Users/018222256/Desktop/Hackathon/q_buffer.sv:100]
WARNING: [Synth 8-7137] Register q_tile_reg[2][6] in module q_buffer has both Set and reset with same priority. This may cause simulation mismatches. Consider rewriting code  [C:/Users/018222256/Desktop/Hackathon/q_buffer.sv:100]
WARNING: [Synth 8-7137] Register q_tile_reg[2][7] in module q_buffer has both Set and reset with same priority. This may cause simulation mismatches. Consider rewriting code  [C:/Users/018222256/Desktop/Hackathon/q_buffer.sv:100]
WARNING: [Synth 8-7137] Register q_tile_reg[2][8] in module q_buffer has both Set and reset with same priority. This may cause simulation mismatches. Consider rewriting code  [C:/Users/018222256/Desktop/Hackathon/q_buffer.sv:100]
WARNING: [Synth 8-7137] Register q_tile_reg[2][9] in module q_buffer has both Set and reset with same priority. This may cause simulation mismatches. Consider rewriting code  [C:/Users/018222256/Desktop/Hackathon/q_buffer.sv:100]
WARNING: [Synth 8-7137] Register q_tile_reg[2][10] in module q_buffer has both Set and reset with same priority. This may cause simulation mismatches. Consider rewriting code  [C:/Users/018222256/Desktop/Hackathon/q_buffer.sv:100]
WARNING: [Synth 8-7137] Register q_tile_reg[2][11] in module q_buffer has both Set and reset with same priority. This may cause simulation mismatches. Consider rewriting code  [C:/Users/018222256/Desktop/Hackathon/q_buffer.sv:100]
WARNING: [Synth 8-7137] Register q_tile_reg[2][12] in module q_buffer has both Set and reset with same priority. This may cause simulation mismatches. Consider rewriting code  [C:/Users/018222256/Desktop/Hackathon/q_buffer.sv:100]
WARNING: [Synth 8-7137] Register q_tile_reg[2][13] in module q_buffer has both Set and reset with same priority. This may cause simulation mismatches. Consider rewriting code  [C:/Users/018222256/Desktop/Hackathon/q_buffer.sv:100]
WARNING: [Synth 8-7137] Register q_tile_reg[2][14] in module q_buffer has both Set and reset with same priority. This may cause simulation mismatches. Consider rewriting code  [C:/Users/018222256/Desktop/Hackathon/q_buffer.sv:100]
WARNING: [Synth 8-7137] Register q_tile_reg[2][15] in module q_buffer has both Set and reset with same priority. This may cause simulation mismatches. Consider rewriting code  [C:/Users/018222256/Desktop/Hackathon/q_buffer.sv:100]
WARNING: [Synth 8-7137] Register q_tile_reg[3][0] in module q_buffer has both Set and reset with same priority. This may cause simulation mismatches. Consider rewriting code  [C:/Users/018222256/Desktop/Hackathon/q_buffer.sv:100]
WARNING: [Synth 8-7137] Register q_tile_reg[3][1] in module q_buffer has both Set and reset with same priority. This may cause simulation mismatches. Consider rewriting code  [C:/Users/018222256/Desktop/Hackathon/q_buffer.sv:100]
WARNING: [Synth 8-7137] Register q_tile_reg[3][2] in module q_buffer has both Set and reset with same priority. This may cause simulation mismatches. Consider rewriting code  [C:/Users/018222256/Desktop/Hackathon/q_buffer.sv:100]
WARNING: [Synth 8-7137] Register q_tile_reg[3][3] in module q_buffer has both Set and reset with same priority. This may cause simulation mismatches. Consider rewriting code  [C:/Users/018222256/Desktop/Hackathon/q_buffer.sv:100]
WARNING: [Synth 8-7137] Register q_tile_reg[3][4] in module q_buffer has both Set and reset with same priority. This may cause simulation mismatches. Consider rewriting code  [C:/Users/018222256/Desktop/Hackathon/q_buffer.sv:100]
WARNING: [Synth 8-7137] Register q_tile_reg[3][5] in module q_buffer has both Set and reset with same priority. This may cause simulation mismatches. Consider rewriting code  [C:/Users/018222256/Desktop/Hackathon/q_buffer.sv:100]
WARNING: [Synth 8-7137] Register q_tile_reg[3][6] in module q_buffer has both Set and reset with same priority. This may cause simulation mismatches. Consider rewriting code  [C:/Users/018222256/Desktop/Hackathon/q_buffer.sv:100]
WARNING: [Synth 8-7137] Register q_tile_reg[3][7] in module q_buffer has both Set and reset with same priority. This may cause simulation mismatches. Consider rewriting code  [C:/Users/018222256/Desktop/Hackathon/q_buffer.sv:100]
WARNING: [Synth 8-7137] Register q_tile_reg[3][8] in module q_buffer has both Set and reset with same priority. This may cause simulation mismatches. Consider rewriting code  [C:/Users/018222256/Desktop/Hackathon/q_buffer.sv:100]
WARNING: [Synth 8-7137] Register q_tile_reg[3][9] in module q_buffer has both Set and reset with same priority. This may cause simulation mismatches. Consider rewriting code  [C:/Users/018222256/Desktop/Hackathon/q_buffer.sv:100]
WARNING: [Synth 8-7137] Register q_tile_reg[3][10] in module q_buffer has both Set and reset with same priority. This may cause simulation mismatches. Consider rewriting code  [C:/Users/018222256/Desktop/Hackathon/q_buffer.sv:100]
WARNING: [Synth 8-7137] Register q_tile_reg[3][11] in module q_buffer has both Set and reset with same priority. This may cause simulation mismatches. Consider rewriting code  [C:/Users/018222256/Desktop/Hackathon/q_buffer.sv:100]
WARNING: [Synth 8-7137] Register q_tile_reg[3][12] in module q_buffer has both Set and reset with same priority. This may cause simulation mismatches. Consider rewriting code  [C:/Users/018222256/Desktop/Hackathon/q_buffer.sv:100]
WARNING: [Synth 8-7137] Register q_tile_reg[3][13] in module q_buffer has both Set and reset with same priority. This may cause simulation mismatches. Consider rewriting code  [C:/Users/018222256/Desktop/Hackathon/q_buffer.sv:100]
WARNING: [Synth 8-7137] Register q_tile_reg[3][14] in module q_buffer has both Set and reset with same priority. This may cause simulation mismatches. Consider rewriting code  [C:/Users/018222256/Desktop/Hackathon/q_buffer.sv:100]
WARNING: [Synth 8-7137] Register q_tile_reg[3][15] in module q_buffer has both Set and reset with same priority. This may cause simulation mismatches. Consider rewriting code  [C:/Users/018222256/Desktop/Hackathon/q_buffer.sv:100]
WARNING: [Synth 8-7137] Register k_tile_reg[0][0] in module kv_buffer has both Set and reset with same priority. This may cause simulation mismatches. Consider rewriting code  [C:/Users/018222256/Desktop/Hackathon/kv_buffer.sv:124]
WARNING: [Synth 8-7137] Register k_tile_reg[0][1] in module kv_buffer has both Set and reset with same priority. This may cause simulation mismatches. Consider rewriting code  [C:/Users/018222256/Desktop/Hackathon/kv_buffer.sv:124]
WARNING: [Synth 8-7137] Register k_tile_reg[0][2] in module kv_buffer has both Set and reset with same priority. This may cause simulation mismatches. Consider rewriting code  [C:/Users/018222256/Desktop/Hackathon/kv_buffer.sv:124]
WARNING: [Synth 8-7137] Register k_tile_reg[0][3] in module kv_buffer has both Set and reset with same priority. This may cause simulation mismatches. Consider rewriting code  [C:/Users/018222256/Desktop/Hackathon/kv_buffer.sv:124]
WARNING: [Synth 8-7137] Register k_tile_reg[0][4] in module kv_buffer has both Set and reset with same priority. This may cause simulation mismatches. Consider rewriting code  [C:/Users/018222256/Desktop/Hackathon/kv_buffer.sv:124]
WARNING: [Synth 8-7137] Register k_tile_reg[0][5] in module kv_buffer has both Set and reset with same priority. This may cause simulation mismatches. Consider rewriting code  [C:/Users/018222256/Desktop/Hackathon/kv_buffer.sv:124]
WARNING: [Synth 8-7137] Register k_tile_reg[0][6] in module kv_buffer has both Set and reset with same priority. This may cause simulation mismatches. Consider rewriting code  [C:/Users/018222256/Desktop/Hackathon/kv_buffer.sv:124]
WARNING: [Synth 8-7137] Register k_tile_reg[0][7] in module kv_buffer has both Set and reset with same priority. This may cause simulation mismatches. Consider rewriting code  [C:/Users/018222256/Desktop/Hackathon/kv_buffer.sv:124]
WARNING: [Synth 8-7137] Register k_tile_reg[0][8] in module kv_buffer has both Set and reset with same priority. This may cause simulation mismatches. Consider rewriting code  [C:/Users/018222256/Desktop/Hackathon/kv_buffer.sv:124]
WARNING: [Synth 8-7137] Register k_tile_reg[0][9] in module kv_buffer has both Set and reset with same priority. This may cause simulation mismatches. Consider rewriting code  [C:/Users/018222256/Desktop/Hackathon/kv_buffer.sv:124]
WARNING: [Synth 8-7137] Register k_tile_reg[0][10] in module kv_buffer has both Set and reset with same priority. This may cause simulation mismatches. Consider rewriting code  [C:/Users/018222256/Desktop/Hackathon/kv_buffer.sv:124]
WARNING: [Synth 8-7137] Register k_tile_reg[0][11] in module kv_buffer has both Set and reset with same priority. This may cause simulation mismatches. Consider rewriting code  [C:/Users/018222256/Desktop/Hackathon/kv_buffer.sv:124]
WARNING: [Synth 8-7137] Register k_tile_reg[0][12] in module kv_buffer has both Set and reset with same priority. This may cause simulation mismatches. Consider rewriting code  [C:/Users/018222256/Desktop/Hackathon/kv_buffer.sv:124]
WARNING: [Synth 8-7137] Register k_tile_reg[0][13] in module kv_buffer has both Set and reset with same priority. This may cause simulation mismatches. Consider rewriting code  [C:/Users/018222256/Desktop/Hackathon/kv_buffer.sv:124]
WARNING: [Synth 8-7137] Register k_tile_reg[0][14] in module kv_buffer has both Set and reset with same priority. This may cause simulation mismatches. Consider rewriting code  [C:/Users/018222256/Desktop/Hackathon/kv_buffer.sv:124]
WARNING: [Synth 8-7137] Register k_tile_reg[0][15] in module kv_buffer has both Set and reset with same priority. This may cause simulation mismatches. Consider rewriting code  [C:/Users/018222256/Desktop/Hackathon/kv_buffer.sv:124]
WARNING: [Synth 8-7137] Register k_tile_reg[1][0] in module kv_buffer has both Set and reset with same priority. This may cause simulation mismatches. Consider rewriting code  [C:/Users/018222256/Desktop/Hackathon/kv_buffer.sv:124]
WARNING: [Synth 8-7137] Register k_tile_reg[1][1] in module kv_buffer has both Set and reset with same priority. This may cause simulation mismatches. Consider rewriting code  [C:/Users/018222256/Desktop/Hackathon/kv_buffer.sv:124]
WARNING: [Synth 8-7137] Register k_tile_reg[1][2] in module kv_buffer has both Set and reset with same priority. This may cause simulation mismatches. Consider rewriting code  [C:/Users/018222256/Desktop/Hackathon/kv_buffer.sv:124]
WARNING: [Synth 8-7137] Register k_tile_reg[1][3] in module kv_buffer has both Set and reset with same priority. This may cause simulation mismatches. Consider rewriting code  [C:/Users/018222256/Desktop/Hackathon/kv_buffer.sv:124]
WARNING: [Synth 8-7137] Register k_tile_reg[1][4] in module kv_buffer has both Set and reset with same priority. This may cause simulation mismatches. Consider rewriting code  [C:/Users/018222256/Desktop/Hackathon/kv_buffer.sv:124]
WARNING: [Synth 8-7137] Register k_tile_reg[1][5] in module kv_buffer has both Set and reset with same priority. This may cause simulation mismatches. Consider rewriting code  [C:/Users/018222256/Desktop/Hackathon/kv_buffer.sv:124]
WARNING: [Synth 8-7137] Register k_tile_reg[1][6] in module kv_buffer has both Set and reset with same priority. This may cause simulation mismatches. Consider rewriting code  [C:/Users/018222256/Desktop/Hackathon/kv_buffer.sv:124]
WARNING: [Synth 8-7137] Register k_tile_reg[1][7] in module kv_buffer has both Set and reset with same priority. This may cause simulation mismatches. Consider rewriting code  [C:/Users/018222256/Desktop/Hackathon/kv_buffer.sv:124]
WARNING: [Synth 8-7137] Register k_tile_reg[1][8] in module kv_buffer has both Set and reset with same priority. This may cause simulation mismatches. Consider rewriting code  [C:/Users/018222256/Desktop/Hackathon/kv_buffer.sv:124]
WARNING: [Synth 8-7137] Register k_tile_reg[1][9] in module kv_buffer has both Set and reset with same priority. This may cause simulation mismatches. Consider rewriting code  [C:/Users/018222256/Desktop/Hackathon/kv_buffer.sv:124]
WARNING: [Synth 8-7137] Register k_tile_reg[1][10] in module kv_buffer has both Set and reset with same priority. This may cause simulation mismatches. Consider rewriting code  [C:/Users/018222256/Desktop/Hackathon/kv_buffer.sv:124]
WARNING: [Synth 8-7137] Register k_tile_reg[1][11] in module kv_buffer has both Set and reset with same priority. This may cause simulation mismatches. Consider rewriting code  [C:/Users/018222256/Desktop/Hackathon/kv_buffer.sv:124]
WARNING: [Synth 8-7137] Register k_tile_reg[1][12] in module kv_buffer has both Set and reset with same priority. This may cause simulation mismatches. Consider rewriting code  [C:/Users/018222256/Desktop/Hackathon/kv_buffer.sv:124]
WARNING: [Synth 8-7137] Register k_tile_reg[1][13] in module kv_buffer has both Set and reset with same priority. This may cause simulation mismatches. Consider rewriting code  [C:/Users/018222256/Desktop/Hackathon/kv_buffer.sv:124]
WARNING: [Synth 8-7137] Register k_tile_reg[1][14] in module kv_buffer has both Set and reset with same priority. This may cause simulation mismatches. Consider rewriting code  [C:/Users/018222256/Desktop/Hackathon/kv_buffer.sv:124]
WARNING: [Synth 8-7137] Register k_tile_reg[1][15] in module kv_buffer has both Set and reset with same priority. This may cause simulation mismatches. Consider rewriting code  [C:/Users/018222256/Desktop/Hackathon/kv_buffer.sv:124]
WARNING: [Synth 8-7137] Register k_tile_reg[2][0] in module kv_buffer has both Set and reset with same priority. This may cause simulation mismatches. Consider rewriting code  [C:/Users/018222256/Desktop/Hackathon/kv_buffer.sv:124]
WARNING: [Synth 8-7137] Register k_tile_reg[2][1] in module kv_buffer has both Set and reset with same priority. This may cause simulation mismatches. Consider rewriting code  [C:/Users/018222256/Desktop/Hackathon/kv_buffer.sv:124]
WARNING: [Synth 8-7137] Register k_tile_reg[2][2] in module kv_buffer has both Set and reset with same priority. This may cause simulation mismatches. Consider rewriting code  [C:/Users/018222256/Desktop/Hackathon/kv_buffer.sv:124]
WARNING: [Synth 8-7137] Register k_tile_reg[2][3] in module kv_buffer has both Set and reset with same priority. This may cause simulation mismatches. Consider rewriting code  [C:/Users/018222256/Desktop/Hackathon/kv_buffer.sv:124]
INFO: [Common 17-14] Message 'Synth 8-7137' appears 100 times and further instances of the messages will be disabled. Use the Tcl command set_msg_config to change the current settings.
WARNING: [Synth 8-11357] Potential Runtime issue for 3D-RAM or RAM from Record/Structs for RAM  O_mem_reg with 16384 registers
WARNING: [Synth 8-7129] Port row_valid in module attention_controller is either unconnected or has no load
---------------------------------------------------------------------------------
Finished Synthesize : Time (s): cpu = 00:00:14 ; elapsed = 00:00:18 . Memory (MB): peak = 1232.281 ; gain = 709.480
---------------------------------------------------------------------------------
---------------------------------------------------------------------------------
Finished Constraint Validation : Time (s): cpu = 00:00:16 ; elapsed = 00:00:20 . Memory (MB): peak = 1232.281 ; gain = 709.480
---------------------------------------------------------------------------------
---------------------------------------------------------------------------------
Start Loading Part and Timing Information
---------------------------------------------------------------------------------
Loading part: xc7z010clg400-1
---------------------------------------------------------------------------------
Finished Loading Part and Timing Information : Time (s): cpu = 00:00:16 ; elapsed = 00:00:20 . Memory (MB): peak = 1232.281 ; gain = 709.480
---------------------------------------------------------------------------------
INFO: [Device 21-403] Loading part xc7z010clg400-1
INFO: [Synth 8-802] inferred FSM for state register 'state_reg' in module 'attention_controller'
INFO: [Device 21-9227] Part: xc7z010clg400-1 does not have CEAM library.
INFO: [Synth 8-802] inferred FSM for state register 'state_reg' in module 'row_max_unit'
INFO: [Synth 8-802] inferred FSM for state register 'state_reg' in module 'row_sum_unit'
INFO: [Synth 8-802] inferred FSM for state register 'state_reg' in module 'normalizer'
---------------------------------------------------------------------------------------------------
                   State |                     New Encoding |                Previous Encoding 
---------------------------------------------------------------------------------------------------
                    IDLE |       00000000000000000000000001 |                            00000
             LOAD_Q_TILE |       00000000000000000000000010 |                            00001
             WAIT_Q_TILE |       00000000000000000000000100 |                            00010
                INIT_ROW |       00000000000000000000001000 |                            00011
       LOAD_KV_FOR_SCORE |       00000000000000000000010000 |                            00100
       WAIT_KV_FOR_SCORE |       00000000000000000000100000 |                            00101
             START_SCORE |       00000000000000000001000000 |                            00110
              WAIT_SCORE |       00000000000000000010000000 |                            00111
      STORE_ROW_FRAGMENT |       00000000000000000100000000 |                            01000
       NEXT_KV_FOR_SCORE |       00000000000000001000000000 |                            01001
           START_ROW_MAX |       00000000000000010000000000 |                            01010
            WAIT_ROW_MAX |       00000000000000100000000000 |                            01011
           START_ROW_SUM |       00000000000001000000000000 |                            01100
            WAIT_ROW_SUM |       00000000000010000000000000 |                            01101
         START_NORMALIZE |       00000000000100000000000000 |                            01110
          WAIT_NORMALIZE |       00000000001000000000000000 |                            01111
           LOAD_KV_FOR_V |       00000000010000000000000000 |                            10001
           WAIT_KV_FOR_V |       00000000100000000000000000 |                            10010
              START_WSUM |       00000001000000000000000000 |                            10011
               WAIT_WSUM |       00000010000000000000000000 |                            10100
           NEXT_KV_FOR_V |       00000100000000000000000000 |                            10101
            WRITE_OUTPUT |       00001000000000000000000000 |                            10110
              WAIT_WRITE |       00010000000000000000000000 |                            10111
              NEXT_Q_ROW |       00100000000000000000000000 |                            11000
             NEXT_Q_TILE |       01000000000000000000000000 |                            11001
                    DONE |       10000000000000000000000000 |                            11010
---------------------------------------------------------------------------------------------------
INFO: [Synth 8-3354] encoded FSM with state register 'state_reg' using encoding 'one-hot' in module 'attention_controller'
---------------------------------------------------------------------------------------------------
                   State |                     New Encoding |                Previous Encoding 
---------------------------------------------------------------------------------------------------
                  S_IDLE |                              001 |                               00
                  S_PIPE |                              010 |                               01
                  S_DONE |                              100 |                               10
---------------------------------------------------------------------------------------------------
INFO: [Synth 8-3354] encoded FSM with state register 'state_reg' using encoding 'one-hot' in module 'row_max_unit'
---------------------------------------------------------------------------------------------------
                   State |                     New Encoding |                Previous Encoding 
---------------------------------------------------------------------------------------------------
                  S_IDLE |                              001 |                               00
                  S_SCAN |                              010 |                               01
                  S_DONE |                              100 |                               10
---------------------------------------------------------------------------------------------------
INFO: [Synth 8-3354] encoded FSM with state register 'state_reg' using encoding 'one-hot' in module 'row_sum_unit'
---------------------------------------------------------------------------------------------------
                   State |                     New Encoding |                Previous Encoding 
---------------------------------------------------------------------------------------------------
                  S_IDLE |                              001 |                               00
                  S_NORM |                              010 |                               01
                  S_DONE |                              100 |                               10
---------------------------------------------------------------------------------------------------
INFO: [Synth 8-3354] encoded FSM with state register 'state_reg' using encoding 'one-hot' in module 'normalizer'
---------------------------------------------------------------------------------
Finished RTL Optimization Phase 2 : Time (s): cpu = 00:00:25 ; elapsed = 00:00:27 . Memory (MB): peak = 1232.281 ; gain = 709.480
---------------------------------------------------------------------------------
No constraint files found.
---------------------------------------------------------------------------------
Start RTL Component Statistics 
---------------------------------------------------------------------------------
Detailed RTL Component Info : 
+---Adders : 
	   5 Input   32 Bit       Adders := 1     
	   2 Input   32 Bit       Adders := 1     
	   3 Input   32 Bit       Adders := 1     
	   2 Input    6 Bit       Adders := 6     
	   2 Input    5 Bit       Adders := 4     
	   2 Input    4 Bit       Adders := 6     
	   2 Input    3 Bit       Adders := 2     
	   2 Input    2 Bit       Adders := 5     
+---Registers : 
	               32 Bit    Registers := 609   
	               16 Bit    Registers := 64    
	                8 Bit    Registers := 192   
	                5 Bit    Registers := 2     
	                4 Bit    Registers := 6     
	                3 Bit    Registers := 3     
	                2 Bit    Registers := 6     
	                1 Bit    Registers := 21    
+---Muxes : 
	   2 Input   32 Bit        Muxes := 50    
	   4 Input   32 Bit        Muxes := 5     
	   3 Input   32 Bit        Muxes := 1     
	  26 Input   26 Bit        Muxes := 1     
	   2 Input   26 Bit        Muxes := 4     
	   2 Input   16 Bit        Muxes := 1     
	   4 Input    8 Bit        Muxes := 32    
	   3 Input    5 Bit        Muxes := 2     
	   2 Input    4 Bit        Muxes := 10    
	   4 Input    4 Bit        Muxes := 1     
	   3 Input    3 Bit        Muxes := 1     
	   4 Input    3 Bit        Muxes := 1     
	   2 Input    3 Bit        Muxes := 2     
	   2 Input    2 Bit        Muxes := 10    
	   6 Input    2 Bit        Muxes := 1     
	   3 Input    2 Bit        Muxes := 1     
	   2 Input    1 Bit        Muxes := 911   
	   4 Input    1 Bit        Muxes := 26    
	   3 Input    1 Bit        Muxes := 81    
	  26 Input    1 Bit        Muxes := 3     
	   5 Input    1 Bit        Muxes := 1     
---------------------------------------------------------------------------------
Finished RTL Component Statistics 
---------------------------------------------------------------------------------
---------------------------------------------------------------------------------
Start Part Resource Summary
---------------------------------------------------------------------------------
Part Resources:
DSPs: 80 (col length:40)
BRAMs: 120 (col length: RAMB18 40 RAMB36 20)
---------------------------------------------------------------------------------
Finished Part Resource Summary
---------------------------------------------------------------------------------
No constraint files found.
---------------------------------------------------------------------------------
Start Cross Boundary and Area Optimization
---------------------------------------------------------------------------------
WARNING: [Synth 8-7080] Parallel synthesis criteria is not met
DSP Report: Generating DSP p_0_out, operation Mode is: A*B.
DSP Report: operator p_0_out is absorbed into DSP p_0_out.
DSP Report: Generating DSP p_0_out, operation Mode is: A*B.
DSP Report: operator p_0_out is absorbed into DSP p_0_out.
DSP Report: Generating DSP p_0_out, operation Mode is: A*B.
DSP Report: operator p_0_out is absorbed into DSP p_0_out.
DSP Report: Generating DSP p_0_out, operation Mode is: A*B.
DSP Report: operator p_0_out is absorbed into DSP p_0_out.
DSP Report: Generating DSP p_0_out, operation Mode is: A*(B:0xffff).
DSP Report: operator p_0_out is absorbed into DSP p_0_out.
---------------------------------------------------------------------------------
Finished Cross Boundary and Area Optimization : Time (s): cpu = 00:01:43 ; elapsed = 00:01:48 . Memory (MB): peak = 1649.516 ; gain = 1126.715
---------------------------------------------------------------------------------
 Sort Area is attention_top__GB2 p_0_out_5 : 0 0 : 1065 1065 : Used 1 time 0
 Sort Area is attention_top__GB1 p_0_out_0 : 0 0 : 862 862 : Used 1 time 0
 Sort Area is attention_top__GB1 p_0_out_2 : 0 0 : 862 862 : Used 1 time 0
 Sort Area is attention_top__GB1 p_0_out_3 : 0 0 : 862 862 : Used 1 time 0
 Sort Area is attention_top__GB1 p_0_out_4 : 0 0 : 862 862 : Used 1 time 0
---------------------------------------------------------------------------------
Start ROM, RAM, DSP, Shift Register and Retiming Reporting
---------------------------------------------------------------------------------

DSP: Preliminary Mapping Report (see note below. The ' indicates corresponding REG is set)
+--------------------+--------------+--------+--------+--------+--------+--------+------+------+------+------+-------+------+------+
|Module Name         | DSP Mapping  | A Size | B Size | C Size | D Size | P Size | AREG | BREG | CREG | DREG | ADREG | MREG | PREG | 
+--------------------+--------------+--------+--------+--------+--------+--------+------+------+------+------+-------+------+------+
|weighted_sum_engine | A*B          | 17     | 8      | -      | -      | 25     | 0    | 0    | -    | -    | -     | 0    | 0    | 
|weighted_sum_engine | A*B          | 17     | 8      | -      | -      | 25     | 0    | 0    | -    | -    | -     | 0    | 0    | 
|weighted_sum_engine | A*B          | 17     | 8      | -      | -      | 25     | 0    | 0    | -    | -    | -     | 0    | 0    | 
|weighted_sum_engine | A*B          | 17     | 8      | -      | -      | 25     | 0    | 0    | -    | -    | -     | 0    | 0    | 
|normalizer          | A*(B:0xffff) | 16     | 16     | -      | -      | 32     | 0    | 0    | -    | -    | -     | 0    | 0    | 
+--------------------+--------------+--------+--------+--------+--------+--------+------+------+------+------+-------+------+------+

Note: The table above is a preliminary report that shows the DSPs inferred at the current stage of the synthesis flow. Some DSP may be reimplemented as non DSP primitives later in the synthesis flow. Multiple instantiated DSPs are reported only once.
---------------------------------------------------------------------------------
Finished ROM, RAM, DSP, Shift Register and Retiming Reporting
---------------------------------------------------------------------------------
No constraint files found.
---------------------------------------------------------------------------------
Start Timing Optimization
---------------------------------------------------------------------------------
---------------------------------------------------------------------------------
Finished Timing Optimization : Time (s): cpu = 00:01:43 ; elapsed = 00:01:48 . Memory (MB): peak = 1649.516 ; gain = 1126.715
---------------------------------------------------------------------------------
---------------------------------------------------------------------------------
Start Technology Mapping
---------------------------------------------------------------------------------
---------------------------------------------------------------------------------
Finished Technology Mapping : Time (s): cpu = 00:01:49 ; elapsed = 00:01:55 . Memory (MB): peak = 1649.516 ; gain = 1126.715
---------------------------------------------------------------------------------
---------------------------------------------------------------------------------
Start IO Insertion
---------------------------------------------------------------------------------
---------------------------------------------------------------------------------
Start Flattening Before IO Insertion
---------------------------------------------------------------------------------
---------------------------------------------------------------------------------
Finished Flattening Before IO Insertion
---------------------------------------------------------------------------------
---------------------------------------------------------------------------------
Start Final Netlist Cleanup
---------------------------------------------------------------------------------
---------------------------------------------------------------------------------
Finished Final Netlist Cleanup
---------------------------------------------------------------------------------
---------------------------------------------------------------------------------
Finished IO Insertion : Time (s): cpu = 00:01:59 ; elapsed = 00:02:04 . Memory (MB): peak = 1649.516 ; gain = 1126.715
---------------------------------------------------------------------------------
---------------------------------------------------------------------------------
Start Renaming Generated Instances
---------------------------------------------------------------------------------
---------------------------------------------------------------------------------
Finished Renaming Generated Instances : Time (s): cpu = 00:01:59 ; elapsed = 00:02:05 . Memory (MB): peak = 1649.516 ; gain = 1126.715
---------------------------------------------------------------------------------
---------------------------------------------------------------------------------
Start Rebuilding User Hierarchy
---------------------------------------------------------------------------------
---------------------------------------------------------------------------------
Finished Rebuilding User Hierarchy : Time (s): cpu = 00:02:01 ; elapsed = 00:02:06 . Memory (MB): peak = 1649.516 ; gain = 1126.715
---------------------------------------------------------------------------------
---------------------------------------------------------------------------------
Start Renaming Generated Ports
---------------------------------------------------------------------------------
---------------------------------------------------------------------------------
Finished Renaming Generated Ports : Time (s): cpu = 00:02:01 ; elapsed = 00:02:07 . Memory (MB): peak = 1649.516 ; gain = 1126.715
---------------------------------------------------------------------------------
---------------------------------------------------------------------------------
Start Handling Custom Attributes
---------------------------------------------------------------------------------
---------------------------------------------------------------------------------
Finished Handling Custom Attributes : Time (s): cpu = 00:02:02 ; elapsed = 00:02:07 . Memory (MB): peak = 1649.516 ; gain = 1126.715
---------------------------------------------------------------------------------
---------------------------------------------------------------------------------
Start Renaming Generated Nets
---------------------------------------------------------------------------------
---------------------------------------------------------------------------------
Finished Renaming Generated Nets : Time (s): cpu = 00:02:02 ; elapsed = 00:02:08 . Memory (MB): peak = 1649.516 ; gain = 1126.715
---------------------------------------------------------------------------------
---------------------------------------------------------------------------------
Start Writing Synthesis Report
---------------------------------------------------------------------------------

DSP Final Report (the ' indicates corresponding REG is set)
+--------------------+-------------+--------+--------+--------+--------+--------+------+------+------+------+-------+------+------+
|Module Name         | DSP Mapping | A Size | B Size | C Size | D Size | P Size | AREG | BREG | CREG | DREG | ADREG | MREG | PREG | 
+--------------------+-------------+--------+--------+--------+--------+--------+------+------+------+------+-------+------+------+
|weighted_sum_engine | A*B         | 16     | 18     | -      | -      | 25     | 0    | 0    | -    | -    | -     | 0    | 0    | 
|weighted_sum_engine | A*B         | 16     | 18     | -      | -      | 25     | 0    | 0    | -    | -    | -     | 0    | 0    | 
|weighted_sum_engine | A*B         | 16     | 18     | -      | -      | 25     | 0    | 0    | -    | -    | -     | 0    | 0    | 
|weighted_sum_engine | A*B         | 16     | 18     | -      | -      | 25     | 0    | 0    | -    | -    | -     | 0    | 0    | 
|normalizer          | A*B         | 16     | 16     | -      | -      | 32     | 0    | 0    | -    | -    | -     | 0    | 0    | 
+--------------------+-------------+--------+--------+--------+--------+--------+------+------+------+------+-------+------+------+


Report BlackBoxes: 
+-+--------------+----------+
| |BlackBox name |Instances |
+-+--------------+----------+
+-+--------------+----------+

Report Cell Usage: 
+------+--------+------+
|      |Cell    |Count |
+------+--------+------+
|1     |BUFG    |     1|
|2     |CARRY4  |   536|
|3     |DSP48E1 |     5|
|4     |LUT1    |    77|
|5     |LUT2    |   489|
|6     |LUT3    |  2154|
|7     |LUT4    |  1096|
|8     |LUT5    |   473|
|9     |LUT6    |  5365|
|10    |MUXF7   |  2029|
|11    |MUXF8   |   842|
|12    |FDCE    |  4353|
|13    |FDPE    |     4|
|14    |FDRE    | 17920|
|15    |IBUF    | 12291|
|16    |OBUF    | 16577|
+------+--------+------+

Report Instance Areas: 
+------+--------------------+---------------------+------+
|      |Instance            |Module               |Cells |
+------+--------------------+---------------------+------+
|1     |top                 |                     | 64212|
|2     |  u_row_max_unit    |row_max_unit         |  1983|
|3     |  u_controller      |attention_controller |   516|
|4     |  u_kv_buffer       |kv_buffer            |  5328|
|5     |  u_normalizer      |normalizer           |  2139|
|6     |  u_output_buffer   |output_buffer        | 16965|
|7     |  u_perf_counters   |perf_counters        |   208|
|8     |  u_q_buffer        |q_buffer             |  2664|
|9     |  u_row_score_store |row_score_store      |  2720|
|10    |  u_row_sum_unit    |row_sum_unit         |   820|
|11    |  u_score_engine    |score_engine         |   911|
|12    |  u_wsum_engine     |weighted_sum_engine  |  1085|
+------+--------------------+---------------------+------+
---------------------------------------------------------------------------------
Finished Writing Synthesis Report : Time (s): cpu = 00:02:02 ; elapsed = 00:02:08 . Memory (MB): peak = 1649.516 ; gain = 1126.715
---------------------------------------------------------------------------------
Synthesis finished with 0 errors, 0 critical warnings and 707 warnings.
Synthesis Optimization Runtime : Time (s): cpu = 00:02:02 ; elapsed = 00:02:08 . Memory (MB): peak = 1649.516 ; gain = 1126.715
Synthesis Optimization Complete : Time (s): cpu = 00:02:02 ; elapsed = 00:02:08 . Memory (MB): peak = 1649.516 ; gain = 1126.715
INFO: [Project 1-571] Translating synthesized netlist
Netlist sorting complete. Time (s): cpu = 00:00:01 ; elapsed = 00:00:00.991 . Memory (MB): peak = 1649.516 ; gain = 0.000
INFO: [Netlist 29-17] Analyzing 3412 Unisim elements for replacement
INFO: [Netlist 29-28] Unisim Transformation completed in 1 CPU seconds
INFO: [Project 1-570] Preparing netlist for logic optimization
INFO: [Opt 31-138] Pushed 0 inverter(s) to 0 load pin(s).
Netlist sorting complete. Time (s): cpu = 00:00:00 ; elapsed = 00:00:00.018 . Memory (MB): peak = 1649.516 ; gain = 0.000
INFO: [Project 1-111] Unisim Transformation Summary:
No Unisim elements were transformed.

Synth Design complete | Checksum: 696fc1f1
INFO: [Common 17-83] Releasing license: Synthesis
55 Infos, 103 Warnings, 0 Critical Warnings and 0 Errors encountered.
synth_design completed successfully
synth_design: Time (s): cpu = 00:02:23 ; elapsed = 00:02:28 . Memory (MB): peak = 1649.516 ; gain = 1129.707
Write ShapeDB Complete: Time (s): cpu = 00:00:01 ; elapsed = 00:00:00.426 . Memory (MB): peak = 1649.516 ; gain = 0.000
INFO: [Common 17-1381] The checkpoint 'C:/Users/018222256/Desktop/Hackathon/vivado_proj/attention_top_vivado.runs/synth_1/attention_top.dcp' has been generated.
write_checkpoint: Time (s): cpu = 00:00:06 ; elapsed = 00:00:05 . Memory (MB): peak = 1649.516 ; gain = 0.000
INFO: [Vivado 12-24828] Executing command : report_utilization -file attention_top_utilization_synth.rpt -pb attention_top_utilization_synth.pb
INFO: [Common 17-206] Exiting Vivado at Sat Apr 18 01:39:53 2026...
[Sat Apr 18 01:39:57 2026] synth_1 finished
wait_on_runs: Time (s): cpu = 00:00:00 ; elapsed = 00:03:01 . Memory (MB): peak = 524.715 ; gain = 0.000
# open_run synth_1
Design is defaulting to impl run constrset: constrs_1
Design is defaulting to synth run part: xc7z010clg400-1
INFO: [Device 21-403] Loading part xc7z010clg400-1
INFO: [Device 21-9227] Part: xc7z010clg400-1 does not have CEAM library.
Netlist sorting complete. Time (s): cpu = 00:00:01 ; elapsed = 00:00:00.649 . Memory (MB): peak = 983.164 ; gain = 0.000
INFO: [Netlist 29-17] Analyzing 3412 Unisim elements for replacement
INFO: [Netlist 29-28] Unisim Transformation completed in 0 CPU seconds
INFO: [Project 1-479] Netlist was created with Vivado 2024.1
INFO: [Project 1-570] Preparing netlist for logic optimization
INFO: [Opt 31-138] Pushed 0 inverter(s) to 0 load pin(s).
Netlist sorting complete. Time (s): cpu = 00:00:00 ; elapsed = 00:00:00.018 . Memory (MB): peak = 1186.418 ; gain = 0.000
INFO: [Project 1-111] Unisim Transformation Summary:
No Unisim elements were transformed.

open_run: Time (s): cpu = 00:00:19 ; elapsed = 00:00:23 . Memory (MB): peak = 1186.418 ; gain = 661.703
# report_utilization -file $proj_dir/synth_utilization.rpt
# report_timing_summary -file $proj_dir/synth_timing_summary.rpt
INFO: [Timing 38-35] Done setting XDC timing constraints.
INFO: [Timing 38-91] UpdateTimingParams: Speed grade: -1, Delay Type: min_max.
INFO: [Timing 38-191] Multithreading enabled for timing update using a maximum of 2 CPUs
report_timing_summary: Time (s): cpu = 00:00:19 ; elapsed = 00:00:16 . Memory (MB): peak = 1893.219 ; gain = 706.801
# report_power -file $proj_dir/synth_power.rpt
Command: report_power -file ./vivado_proj/synth_power.rpt
WARNING: [Power 33-232] No user defined clocks were found in the design! Power estimation will be inaccurate until this is corrected.
Resolution: Please specify clocks using create_clock/create_generated_clock for sequential elements. For pure combinatorial circuits, please specify a virtual clock, otherwise the vectorless estimation might be inaccurate
Running Vector-less Activity Propagation...

Finished Running Vector-less Activity Propagation
0 Infos, 1 Warnings, 0 Critical Warnings and 0 Errors encountered.
report_power completed successfully
report_power: Time (s): cpu = 00:01:04 ; elapsed = 00:00:58 . Memory (MB): peak = 2023.090 ; gain = 129.871
# launch_runs impl_1 -jobs 4
Write ShapeDB Complete: Time (s): cpu = 00:00:01 ; elapsed = 00:00:00.406 . Memory (MB): peak = 2049.199 ; gain = 0.047
[Sat Apr 18 01:41:40 2026] Launched impl_1...
Run output will be captured here: C:/Users/018222256/Desktop/Hackathon/vivado_proj/attention_top_vivado.runs/impl_1/runme.log
launch_runs: Time (s): cpu = 00:00:07 ; elapsed = 00:00:05 . Memory (MB): peak = 2049.199 ; gain = 26.109
# wait_on_run impl_1
[Sat Apr 18 01:41:40 2026] Waiting for impl_1 to finish...

*** Running vivado
    with args -log attention_top.vdi -applog -m64 -product Vivado -messageDb vivado.pb -mode batch -source attention_top.tcl -notrace



****** Vivado v2024.1 (64-bit)
  **** SW Build 5076996 on Wed May 22 18:37:14 MDT 2024
  **** IP Build 5075265 on Wed May 22 21:45:21 MDT 2024
  **** SharedData Build 5076995 on Wed May 22 18:29:18 MDT 2024
  **** Start of session at: Sat Apr 18 01:41:50 2026
    ** Copyright 1986-2022 Xilinx, Inc. All Rights Reserved.
    ** Copyright 2022-2024 Advanced Micro Devices, Inc. All Rights Reserved.

source attention_top.tcl -notrace
Command: open_checkpoint C:/Users/018222256/Desktop/Hackathon/vivado_proj/attention_top_vivado.runs/impl_1/attention_top.dcp
INFO: [Device 21-403] Loading part xc7z010clg400-1
INFO: [Device 21-9227] Part: xc7z010clg400-1 does not have CEAM library.
Netlist sorting complete. Time (s): cpu = 00:00:00 ; elapsed = 00:00:00.664 . Memory (MB): peak = 983.152 ; gain = 0.000
INFO: [Netlist 29-17] Analyzing 3412 Unisim elements for replacement
INFO: [Netlist 29-28] Unisim Transformation completed in 1 CPU seconds
INFO: [Project 1-479] Netlist was created with Vivado 2024.1
INFO: [Project 1-570] Preparing netlist for logic optimization
Read ShapeDB Complete: Time (s): cpu = 00:00:00 ; elapsed = 00:00:00.695 . Memory (MB): peak = 1164.102 ; gain = 36.461
Netlist sorting complete. Time (s): cpu = 00:00:01 ; elapsed = 00:00:00.016 . Memory (MB): peak = 1164.102 ; gain = 0.000
INFO: [Project 1-111] Unisim Transformation Summary:
No Unisim elements were transformed.

INFO: [Project 1-604] Checkpoint was created with Vivado v2024.1 (64-bit) build 5076996
open_checkpoint: Time (s): cpu = 00:00:24 ; elapsed = 00:00:31 . Memory (MB): peak = 1167.762 ; gain = 849.312
Command: opt_design
Attempting to get a license for feature 'Implementation' and/or device 'xc7z010'
INFO: [Common 17-349] Got license for feature 'Implementation' and/or device 'xc7z010'
Running DRC as a precondition to command opt_design

Starting DRC Task
INFO: [DRC 23-27] Running DRC with 2 threads
INFO: [Project 1-461] DRC finished with 0 Errors
INFO: [Project 1-462] Please refer to the DRC report (report_drc) for more information.

Time (s): cpu = 00:00:03 ; elapsed = 00:00:02 . Memory (MB): peak = 1198.945 ; gain = 15.375

Starting Cache Timing Information Task
INFO: [Timing 38-35] Done setting XDC timing constraints.
Ending Cache Timing Information Task | Checksum: 18612f469

Time (s): cpu = 00:00:12 ; elapsed = 00:00:12 . Memory (MB): peak = 1731.836 ; gain = 532.891

Starting Logic Optimization Task

Phase 1 Initialization

Phase 1.1 Core Generation And Design Setup
Phase 1.1 Core Generation And Design Setup | Checksum: 18612f469

Time (s): cpu = 00:00:00 ; elapsed = 00:00:00.033 . Memory (MB): peak = 2117.812 ; gain = 0.000

Phase 1.2 Setup Constraints And Sort Netlist
Phase 1.2 Setup Constraints And Sort Netlist | Checksum: 18612f469

Time (s): cpu = 00:00:00 ; elapsed = 00:00:00.086 . Memory (MB): peak = 2117.812 ; gain = 0.000
Phase 1 Initialization | Checksum: 18612f469

Time (s): cpu = 00:00:00 ; elapsed = 00:00:00.112 . Memory (MB): peak = 2117.812 ; gain = 0.000

Phase 2 Timer Update And Timing Data Collection

Phase 2.1 Timer Update
Phase 2.1 Timer Update | Checksum: 18612f469

Time (s): cpu = 00:00:01 ; elapsed = 00:00:00.976 . Memory (MB): peak = 2117.812 ; gain = 0.000

Phase 2.2 Timing Data Collection
Phase 2.2 Timing Data Collection | Checksum: 18612f469

Time (s): cpu = 00:00:01 ; elapsed = 00:00:01 . Memory (MB): peak = 2117.812 ; gain = 0.000
Phase 2 Timer Update And Timing Data Collection | Checksum: 18612f469

Time (s): cpu = 00:00:01 ; elapsed = 00:00:01 . Memory (MB): peak = 2117.812 ; gain = 0.000

Phase 3 Retarget
INFO: [Opt 31-1834] Total Chains To Be Transformed Were: 0 AND Number of Transformed insts Created are: 0
INFO: [Opt 31-138] Pushed 0 inverter(s) to 0 load pin(s).
INFO: [Opt 31-49] Retargeted 0 cell(s).
Phase 3 Retarget | Checksum: 18612f469

Time (s): cpu = 00:00:03 ; elapsed = 00:00:03 . Memory (MB): peak = 2117.812 ; gain = 0.000
Retarget | Checksum: 18612f469
INFO: [Opt 31-389] Phase Retarget created 0 cells and removed 0 cells

Phase 4 Constant propagation
INFO: [Opt 31-138] Pushed 0 inverter(s) to 0 load pin(s).
Phase 4 Constant propagation | Checksum: 1e07578dd

Time (s): cpu = 00:00:03 ; elapsed = 00:00:03 . Memory (MB): peak = 2117.812 ; gain = 0.000
Constant propagation | Checksum: 1e07578dd
INFO: [Opt 31-389] Phase Constant propagation created 0 cells and removed 0 cells

Phase 5 Sweep
Phase 5 Sweep | Checksum: 1a26feafb

Time (s): cpu = 00:00:04 ; elapsed = 00:00:04 . Memory (MB): peak = 2117.812 ; gain = 0.000
Sweep | Checksum: 1a26feafb
INFO: [Opt 31-389] Phase Sweep created 1 cells and removed 0 cells

Phase 6 BUFG optimization
Phase 6 BUFG optimization | Checksum: 1a26feafb

Time (s): cpu = 00:00:05 ; elapsed = 00:00:04 . Memory (MB): peak = 2117.812 ; gain = 0.000
BUFG optimization | Checksum: 1a26feafb
INFO: [Opt 31-662] Phase BUFG optimization created 0 cells of which 0 are BUFGs and removed 0 cells.

Phase 7 Shift Register Optimization
INFO: [Opt 31-1064] SRL Remap converted 0 SRLs to 0 registers and converted 0 registers of register chains to 0 SRLs
Phase 7 Shift Register Optimization | Checksum: 1a26feafb

Time (s): cpu = 00:00:05 ; elapsed = 00:00:04 . Memory (MB): peak = 2117.812 ; gain = 0.000
Shift Register Optimization | Checksum: 1a26feafb
INFO: [Opt 31-389] Phase Shift Register Optimization created 0 cells and removed 0 cells

Phase 8 Post Processing Netlist
Phase 8 Post Processing Netlist | Checksum: 1a26feafb

Time (s): cpu = 00:00:05 ; elapsed = 00:00:04 . Memory (MB): peak = 2117.812 ; gain = 0.000
Post Processing Netlist | Checksum: 1a26feafb
INFO: [Opt 31-389] Phase Post Processing Netlist created 0 cells and removed 0 cells

Phase 9 Finalization

Phase 9.1 Finalizing Design Cores and Updating Shapes
Phase 9.1 Finalizing Design Cores and Updating Shapes | Checksum: 1c3e7412d

Time (s): cpu = 00:00:06 ; elapsed = 00:00:05 . Memory (MB): peak = 2117.812 ; gain = 0.000

Phase 9.2 Verifying Netlist Connectivity

Starting Connectivity Check Task

Time (s): cpu = 00:00:00 ; elapsed = 00:00:00.055 . Memory (MB): peak = 2117.812 ; gain = 0.000
Phase 9.2 Verifying Netlist Connectivity | Checksum: 1c3e7412d

Time (s): cpu = 00:00:06 ; elapsed = 00:00:05 . Memory (MB): peak = 2117.812 ; gain = 0.000
Phase 9 Finalization | Checksum: 1c3e7412d

Time (s): cpu = 00:00:06 ; elapsed = 00:00:05 . Memory (MB): peak = 2117.812 ; gain = 0.000
Opt_design Change Summary
=========================


-------------------------------------------------------------------------------------------------------------------------
|  Phase                        |  #Cells created  |  #Cells Removed  |  #Constrained objects preventing optimizations  |
-------------------------------------------------------------------------------------------------------------------------
|  Retarget                     |               0  |               0  |                                              0  |
|  Constant propagation         |               0  |               0  |                                              0  |
|  Sweep                        |               1  |               0  |                                              0  |
|  BUFG optimization            |               0  |               0  |                                              0  |
|  Shift Register Optimization  |               0  |               0  |                                              0  |
|  Post Processing Netlist      |               0  |               0  |                                              0  |
-------------------------------------------------------------------------------------------------------------------------


Ending Logic Optimization Task | Checksum: 1c3e7412d

Time (s): cpu = 00:00:06 ; elapsed = 00:00:05 . Memory (MB): peak = 2117.812 ; gain = 0.000

Starting Power Optimization Task
INFO: [Pwropt 34-132] Skipping clock gating for clocks with a period < 2.00 ns.
Ending Power Optimization Task | Checksum: 1c3e7412d

Time (s): cpu = 00:00:00 ; elapsed = 00:00:00.079 . Memory (MB): peak = 2117.812 ; gain = 0.000

Starting Final Cleanup Task
Ending Final Cleanup Task | Checksum: 1c3e7412d

Time (s): cpu = 00:00:00 ; elapsed = 00:00:00.026 . Memory (MB): peak = 2117.812 ; gain = 0.000

Starting Netlist Obfuscation Task
Netlist sorting complete. Time (s): cpu = 00:00:00 ; elapsed = 00:00:00.014 . Memory (MB): peak = 2117.812 ; gain = 0.000
Ending Netlist Obfuscation Task | Checksum: 1c3e7412d

Time (s): cpu = 00:00:00 ; elapsed = 00:00:00.041 . Memory (MB): peak = 2117.812 ; gain = 0.000
INFO: [Common 17-83] Releasing license: Implementation
26 Infos, 0 Warnings, 0 Critical Warnings and 0 Errors encountered.
opt_design completed successfully
opt_design: Time (s): cpu = 00:00:25 ; elapsed = 00:00:24 . Memory (MB): peak = 2117.812 ; gain = 950.051
INFO: [Vivado 12-24828] Executing command : report_drc -file attention_top_drc_opted.rpt -pb attention_top_drc_opted.pb -rpx attention_top_drc_opted.rpx
Command: report_drc -file attention_top_drc_opted.rpt -pb attention_top_drc_opted.pb -rpx attention_top_drc_opted.rpx
INFO: [IP_Flow 19-234] Refreshing IP repositories
INFO: [IP_Flow 19-1704] No user IP repositories specified
INFO: [IP_Flow 19-2313] Loaded Vivado IP repository 'C:/Xilinx/Vivado/2024.1/data/ip'.
INFO: [DRC 23-27] Running DRC with 2 threads
INFO: [Vivado_Tcl 2-168] The results of DRC are in file C:/Users/018222256/Desktop/Hackathon/vivado_proj/attention_top_vivado.runs/impl_1/attention_top_drc_opted.rpt.
report_drc completed successfully
report_drc: Time (s): cpu = 00:00:28 ; elapsed = 00:00:16 . Memory (MB): peak = 2117.812 ; gain = 0.000
generate_parallel_reports: Time (s): cpu = 00:00:28 ; elapsed = 00:00:16 . Memory (MB): peak = 2117.812 ; gain = 0.000
Write ShapeDB Complete: Time (s): cpu = 00:00:02 ; elapsed = 00:00:00.424 . Memory (MB): peak = 2117.812 ; gain = 0.000
INFO: [Common 17-1381] The checkpoint 'C:/Users/018222256/Desktop/Hackathon/vivado_proj/attention_top_vivado.runs/impl_1/attention_top_opt.dcp' has been generated.
Command: place_design
Attempting to get a license for feature 'Implementation' and/or device 'xc7z010'
INFO: [Common 17-349] Got license for feature 'Implementation' and/or device 'xc7z010'
INFO: [Common 17-83] Releasing license: Implementation
INFO: [DRC 23-27] Running DRC with 2 threads
INFO: [Vivado_Tcl 4-198] DRC finished with 0 Errors
INFO: [Vivado_Tcl 4-199] Please refer to the DRC report (report_drc) for more information.
Running DRC as a precondition to command place_design
INFO: [DRC 23-27] Running DRC with 2 threads
INFO: [Vivado_Tcl 4-198] DRC finished with 0 Errors, 39 Advisories
INFO: [Vivado_Tcl 4-199] Please refer to the DRC report (report_drc) for more information.
INFO: [Place 30-611] Multithreading enabled for place_design using a maximum of 2 CPUs

Starting Placer Task

Phase 1 Placer Initialization

Phase 1.1 Placer Initialization Netlist Sorting
Netlist sorting complete. Time (s): cpu = 00:00:00 ; elapsed = 00:00:00.020 . Memory (MB): peak = 2117.812 ; gain = 0.000
Phase 1.1 Placer Initialization Netlist Sorting | Checksum: 1164ebbd1

Time (s): cpu = 00:00:00 ; elapsed = 00:00:00.065 . Memory (MB): peak = 2117.812 ; gain = 0.000
Netlist sorting complete. Time (s): cpu = 00:00:00 ; elapsed = 00:00:00.017 . Memory (MB): peak = 2117.812 ; gain = 0.000

Phase 1.2 IO Placement/ Clock Placement/ Build Placer Device
ERROR: [Place 30-415] IO Placement failed due to overutilization. This design contains 28868 I/O ports
 while the target  device: 7z010 package: clg400, contains only 230 available user I/O. The target device has 230 usable I/O pins of which 0 are already occupied by user-locked I/Os.
 To rectify this issue:
 1. Ensure you are targeting the correct device and package.  Select a larger device or different package if necessary.
 2. Check the top-level ports of the design to ensure the correct number of ports are specified.
 3. Consider design changes to reduce the number of I/Os necessary.
INFO: [Timing 38-35] Done setting XDC timing constraints.
ERROR: [Place 30-68] Instance O_mem[0][0][0]_INST_0 (OBUF) is not placed
ERROR: [Place 30-68] Instance O_mem[0][0][10]_INST_0 (OBUF) is not placed
ERROR: [Place 30-68] Instance O_mem[0][0][11]_INST_0 (OBUF) is not placed
ERROR: [Place 30-68] Instance O_mem[0][0][12]_INST_0 (OBUF) is not placed
ERROR: [Place 30-68] Instance O_mem[0][0][13]_INST_0 (OBUF) is not placed
ERROR: [Place 30-68] Instance O_mem[0][0][14]_INST_0 (OBUF) is not placed
ERROR: [Place 30-68] Instance O_mem[0][0][15]_INST_0 (OBUF) is not placed
ERROR: [Place 30-68] Instance O_mem[0][0][16]_INST_0 (OBUF) is not placed
ERROR: [Place 30-68] Instance O_mem[0][0][17]_INST_0 (OBUF) is not placed
ERROR: [Place 30-68] Instance O_mem[0][0][18]_INST_0 (OBUF) is not placed
ERROR: [Place 30-68] Instance O_mem[0][0][19]_INST_0 (OBUF) is not placed
ERROR: [Place 30-68] Instance O_mem[0][0][1]_INST_0 (OBUF) is not placed
ERROR: [Place 30-68] Instance O_mem[0][0][20]_INST_0 (OBUF) is not placed
ERROR: [Place 30-68] Instance O_mem[0][0][21]_INST_0 (OBUF) is not placed
ERROR: [Place 30-68] Instance O_mem[0][0][22]_INST_0 (OBUF) is not placed
ERROR: [Place 30-68] Instance O_mem[0][0][23]_INST_0 (OBUF) is not placed
ERROR: [Place 30-68] Instance O_mem[0][0][24]_INST_0 (OBUF) is not placed
ERROR: [Place 30-68] Instance O_mem[0][0][25]_INST_0 (OBUF) is not placed
ERROR: [Place 30-68] Instance O_mem[0][0][26]_INST_0 (OBUF) is not placed
ERROR: [Place 30-68] Instance O_mem[0][0][27]_INST_0 (OBUF) is not placed
ERROR: [Place 30-68] Instance O_mem[0][0][28]_INST_0 (OBUF) is not placed
ERROR: [Place 30-68] Instance O_mem[0][0][29]_INST_0 (OBUF) is not placed
ERROR: [Place 30-68] Instance O_mem[0][0][2]_INST_0 (OBUF) is not placed
ERROR: [Place 30-68] Instance O_mem[0][0][30]_INST_0 (OBUF) is not placed
ERROR: [Place 30-68] Instance O_mem[0][0][31]_INST_0 (OBUF) is not placed
ERROR: [Place 30-68] Instance O_mem[0][0][3]_INST_0 (OBUF) is not placed
ERROR: [Place 30-68] Instance O_mem[0][0][4]_INST_0 (OBUF) is not placed
ERROR: [Place 30-68] Instance O_mem[0][0][5]_INST_0 (OBUF) is not placed
ERROR: [Place 30-68] Instance O_mem[0][0][6]_INST_0 (OBUF) is not placed
ERROR: [Place 30-68] Instance O_mem[0][0][7]_INST_0 (OBUF) is not placed
ERROR: [Place 30-68] Instance O_mem[0][0][8]_INST_0 (OBUF) is not placed
ERROR: [Place 30-68] Instance O_mem[0][0][9]_INST_0 (OBUF) is not placed
ERROR: [Place 30-68] Instance O_mem[0][10][0]_INST_0 (OBUF) is not placed
ERROR: [Place 30-68] Instance O_mem[0][10][10]_INST_0 (OBUF) is not placed
ERROR: [Place 30-68] Instance O_mem[0][10][11]_INST_0 (OBUF) is not placed
ERROR: [Place 30-68] Instance O_mem[0][10][12]_INST_0 (OBUF) is not placed
ERROR: [Place 30-68] Instance O_mem[0][10][13]_INST_0 (OBUF) is not placed
ERROR: [Place 30-68] Instance O_mem[0][10][14]_INST_0 (OBUF) is not placed
ERROR: [Place 30-68] Instance O_mem[0][10][15]_INST_0 (OBUF) is not placed
ERROR: [Place 30-68] Instance O_mem[0][10][16]_INST_0 (OBUF) is not placed
ERROR: [Place 30-68] Instance O_mem[0][10][17]_INST_0 (OBUF) is not placed
ERROR: [Place 30-68] Instance O_mem[0][10][18]_INST_0 (OBUF) is not placed
ERROR: [Place 30-68] Instance O_mem[0][10][19]_INST_0 (OBUF) is not placed
ERROR: [Place 30-68] Instance O_mem[0][10][1]_INST_0 (OBUF) is not placed
ERROR: [Place 30-68] Instance O_mem[0][10][20]_INST_0 (OBUF) is not placed
ERROR: [Place 30-68] Instance O_mem[0][10][21]_INST_0 (OBUF) is not placed
ERROR: [Place 30-68] Instance O_mem[0][10][22]_INST_0 (OBUF) is not placed
ERROR: [Place 30-68] Instance O_mem[0][10][23]_INST_0 (OBUF) is not placed
ERROR: [Place 30-68] Instance O_mem[0][10][24]_INST_0 (OBUF) is not placed
ERROR: [Place 30-68] Instance O_mem[0][10][25]_INST_0 (OBUF) is not placed
ERROR: [Place 30-68] Instance O_mem[0][10][26]_INST_0 (OBUF) is not placed
ERROR: [Place 30-68] Instance O_mem[0][10][27]_INST_0 (OBUF) is not placed
ERROR: [Place 30-68] Instance O_mem[0][10][28]_INST_0 (OBUF) is not placed
ERROR: [Place 30-68] Instance O_mem[0][10][29]_INST_0 (OBUF) is not placed
ERROR: [Place 30-68] Instance O_mem[0][10][2]_INST_0 (OBUF) is not placed
ERROR: [Place 30-68] Instance O_mem[0][10][30]_INST_0 (OBUF) is not placed
ERROR: [Place 30-68] Instance O_mem[0][10][31]_INST_0 (OBUF) is not placed
ERROR: [Place 30-68] Instance O_mem[0][10][3]_INST_0 (OBUF) is not placed
ERROR: [Place 30-68] Instance O_mem[0][10][4]_INST_0 (OBUF) is not placed
ERROR: [Place 30-68] Instance O_mem[0][10][5]_INST_0 (OBUF) is not placed
ERROR: [Place 30-68] Instance O_mem[0][10][6]_INST_0 (OBUF) is not placed
ERROR: [Place 30-68] Instance O_mem[0][10][7]_INST_0 (OBUF) is not placed
ERROR: [Place 30-68] Instance O_mem[0][10][8]_INST_0 (OBUF) is not placed
ERROR: [Place 30-68] Instance O_mem[0][10][9]_INST_0 (OBUF) is not placed
ERROR: [Place 30-68] Instance O_mem[0][11][0]_INST_0 (OBUF) is not placed
ERROR: [Place 30-68] Instance O_mem[0][11][10]_INST_0 (OBUF) is not placed
ERROR: [Place 30-68] Instance O_mem[0][11][11]_INST_0 (OBUF) is not placed
ERROR: [Place 30-68] Instance O_mem[0][11][12]_INST_0 (OBUF) is not placed
ERROR: [Place 30-68] Instance O_mem[0][11][13]_INST_0 (OBUF) is not placed
ERROR: [Place 30-68] Instance O_mem[0][11][14]_INST_0 (OBUF) is not placed
ERROR: [Place 30-68] Instance O_mem[0][11][15]_INST_0 (OBUF) is not placed
ERROR: [Place 30-68] Instance O_mem[0][11][16]_INST_0 (OBUF) is not placed
ERROR: [Place 30-68] Instance O_mem[0][11][17]_INST_0 (OBUF) is not placed
ERROR: [Place 30-68] Instance O_mem[0][11][18]_INST_0 (OBUF) is not placed
ERROR: [Place 30-68] Instance O_mem[0][11][19]_INST_0 (OBUF) is not placed
ERROR: [Place 30-68] Instance O_mem[0][11][1]_INST_0 (OBUF) is not placed
ERROR: [Place 30-68] Instance O_mem[0][11][20]_INST_0 (OBUF) is not placed
ERROR: [Place 30-68] Instance O_mem[0][11][21]_INST_0 (OBUF) is not placed
ERROR: [Place 30-68] Instance O_mem[0][11][22]_INST_0 (OBUF) is not placed
ERROR: [Place 30-68] Instance O_mem[0][11][23]_INST_0 (OBUF) is not placed
ERROR: [Place 30-68] Instance O_mem[0][11][24]_INST_0 (OBUF) is not placed
ERROR: [Place 30-68] Instance O_mem[0][11][25]_INST_0 (OBUF) is not placed
ERROR: [Place 30-68] Instance O_mem[0][11][26]_INST_0 (OBUF) is not placed
ERROR: [Place 30-68] Instance O_mem[0][11][27]_INST_0 (OBUF) is not placed
ERROR: [Place 30-68] Instance O_mem[0][11][28]_INST_0 (OBUF) is not placed
ERROR: [Place 30-68] Instance O_mem[0][11][29]_INST_0 (OBUF) is not placed
ERROR: [Place 30-68] Instance O_mem[0][11][2]_INST_0 (OBUF) is not placed
ERROR: [Place 30-68] Instance O_mem[0][11][30]_INST_0 (OBUF) is not placed
ERROR: [Place 30-68] Instance O_mem[0][11][31]_INST_0 (OBUF) is not placed
ERROR: [Place 30-68] Instance O_mem[0][11][3]_INST_0 (OBUF) is not placed
ERROR: [Place 30-68] Instance O_mem[0][11][4]_INST_0 (OBUF) is not placed
ERROR: [Place 30-68] Instance O_mem[0][11][5]_INST_0 (OBUF) is not placed
ERROR: [Place 30-68] Instance O_mem[0][11][6]_INST_0 (OBUF) is not placed
ERROR: [Place 30-68] Instance O_mem[0][11][7]_INST_0 (OBUF) is not placed
ERROR: [Place 30-68] Instance O_mem[0][11][8]_INST_0 (OBUF) is not placed
ERROR: [Place 30-68] Instance O_mem[0][11][9]_INST_0 (OBUF) is not placed
ERROR: [Place 30-68] Instance O_mem[0][12][0]_INST_0 (OBUF) is not placed
ERROR: [Place 30-68] Instance O_mem[0][12][10]_INST_0 (OBUF) is not placed
ERROR: [Place 30-68] Instance O_mem[0][12][11]_INST_0 (OBUF) is not placed
ERROR: [Place 30-68] Instance O_mem[0][12][12]_INST_0 (OBUF) is not placed
INFO: [Common 17-14] Message 'Place 30-68' appears 100 times and further instances of the messages will be disabled. Use the Tcl command set_msg_config to change the current settings.
Phase 1.2 IO Placement/ Clock Placement/ Build Placer Device | Checksum: e9c6b46f

Time (s): cpu = 00:00:14 ; elapsed = 00:00:11 . Memory (MB): peak = 2126.703 ; gain = 8.891
Phase 1 Placer Initialization | Checksum: e9c6b46f

Time (s): cpu = 00:00:14 ; elapsed = 00:00:11 . Memory (MB): peak = 2126.703 ; gain = 8.891
ERROR: [Place 30-99] Placer failed with error: 'IO Clock Placer failed'
Please review all ERROR, CRITICAL WARNING, and WARNING messages during placement to understand the cause for failure.
Ending Placer Task | Checksum: e9c6b46f

Time (s): cpu = 00:00:14 ; elapsed = 00:00:11 . Memory (MB): peak = 2126.703 ; gain = 8.891
44 Infos, 0 Warnings, 0 Critical Warnings and 103 Errors encountered.
place_design failed
ERROR: [Common 17-69] Command failed: Placer could not place all instances
INFO: [Common 17-206] Exiting Vivado at Sat Apr 18 01:43:32 2026...
[Sat Apr 18 01:43:37 2026] impl_1 finished
ERROR: [Vivado 12-13638] Failed runs(s) : 'impl_1'
wait_on_runs: Time (s): cpu = 00:00:00 ; elapsed = 00:01:56 . Memory (MB): peak = 2049.199 ; gain = 0.000
ERROR: [Common 17-39] 'wait_on_runs' failed due to earlier errors.

    while executing
"wait_on_run impl_1"
    (file "run_vivado.tcl" line 65)
INFO: [Common 17-206] Exiting Vivado at Sat Apr 18 01:43:37 2026...
